[Sun Jul 08 18:16:47 CEST 2018][INFO] Protokoll aller aus dem Projektordner geladener Fontdateien (Text.java:346)
[Sun Jul 08 18:16:47 CEST 2018][INFO] Es wurden 1 ".ttf"-Dateien im Projektordner gefunden. (Text.java:351)
[Sun Jul 08 18:16:47 CEST 2018][INFO] Diese sind unter folgenden Namen abrufbar: (Text.java:352)
[Sun Jul 08 18:16:47 CEST 2018][INFO] Snake in the Boot (Text.java:355)
[Sun Jul 08 18:17:25 CEST 2018][INFO] Protokoll aller aus dem Projektordner geladener Fontdateien (Text.java:346)
[Sun Jul 08 18:17:25 CEST 2018][INFO] Es wurden 1 ".ttf"-Dateien im Projektordner gefunden. (Text.java:351)
[Sun Jul 08 18:17:25 CEST 2018][INFO] Diese sind unter folgenden Namen abrufbar: (Text.java:352)
[Sun Jul 08 18:17:25 CEST 2018][INFO] Snake in the Boot (Text.java:355)
[Sun Jul 08 18:17:55 CEST 2018][INFO] Protokoll aller aus dem Projektordner geladener Fontdateien (Text.java:346)
[Sun Jul 08 18:17:55 CEST 2018][INFO] Es wurden 1 ".ttf"-Dateien im Projektordner gefunden. (Text.java:351)
[Sun Jul 08 18:17:55 CEST 2018][INFO] Diese sind unter folgenden Namen abrufbar: (Text.java:352)
[Sun Jul 08 18:17:55 CEST 2018][INFO] Snake in the Boot (Text.java:355)
[Sun Jul 08 18:18:11 CEST 2018][INFO] Protokoll aller aus dem Projektordner geladener Fontdateien (Text.java:346)
[Sun Jul 08 18:18:11 CEST 2018][INFO] Es wurden 1 ".ttf"-Dateien im Projektordner gefunden. (Text.java:351)
[Sun Jul 08 18:18:11 CEST 2018][INFO] Diese sind unter folgenden Namen abrufbar: (Text.java:352)
[Sun Jul 08 18:18:11 CEST 2018][INFO] Snake in the Boot (Text.java:355)
[Sun Jul 08 18:19:42 CEST 2018][INFO] Protokoll aller aus dem Projektordner geladener Fontdateien (Text.java:346)
[Sun Jul 08 18:19:42 CEST 2018][INFO] Es wurden 1 ".ttf"-Dateien im Projektordner gefunden. (Text.java:351)
[Sun Jul 08 18:19:42 CEST 2018][INFO] Diese sind unter folgenden Namen abrufbar: (Text.java:352)
[Sun Jul 08 18:19:42 CEST 2018][INFO] Snake in the Boot (Text.java:355)
[Sun Jul 08 18:20:32 CEST 2018][INFO] Protokoll aller aus dem Projektordner geladener Fontdateien (Text.java:346)
[Sun Jul 08 18:20:32 CEST 2018][INFO] Es wurden 1 ".ttf"-Dateien im Projektordner gefunden. (Text.java:351)
[Sun Jul 08 18:20:32 CEST 2018][INFO] Diese sind unter folgenden Namen abrufbar: (Text.java:352)
[Sun Jul 08 18:20:32 CEST 2018][INFO] Snake in the Boot (Text.java:355)
[Sun Jul 08 18:20:47 CEST 2018][INFO] Protokoll aller aus dem Projektordner geladener Fontdateien (Text.java:346)
[Sun Jul 08 18:20:47 CEST 2018][INFO] Es wurden 1 ".ttf"-Dateien im Projektordner gefunden. (Text.java:351)
[Sun Jul 08 18:20:47 CEST 2018][INFO] Diese sind unter folgenden Namen abrufbar: (Text.java:352)
[Sun Jul 08 18:20:47 CEST 2018][INFO] Snake in the Boot (Text.java:355)
[Sun Jul 08 18:20:54 CEST 2018][INFO] Protokoll aller aus dem Projektordner geladener Fontdateien (Text.java:346)
[Sun Jul 08 18:20:54 CEST 2018][INFO] Es wurden 1 ".ttf"-Dateien im Projektordner gefunden. (Text.java:351)
[Sun Jul 08 18:20:54 CEST 2018][INFO] Diese sind unter folgenden Namen abrufbar: (Text.java:352)
[Sun Jul 08 18:20:54 CEST 2018][INFO] Snake in the Boot (Text.java:355)
[Sun Jul 08 18:21:06 CEST 2018][INFO] Protokoll aller aus dem Projektordner geladener Fontdateien (Text.java:346)
[Sun Jul 08 18:21:06 CEST 2018][INFO] Es wurden 1 ".ttf"-Dateien im Projektordner gefunden. (Text.java:351)
[Sun Jul 08 18:21:06 CEST 2018][INFO] Diese sind unter folgenden Namen abrufbar: (Text.java:352)
[Sun Jul 08 18:21:06 CEST 2018][INFO] Snake in the Boot (Text.java:355)
[Sun Jul 08 18:37:56 CEST 2018][INFO] Protokoll aller aus dem Projektordner geladener Fontdateien (Text.java:346)
[Sun Jul 08 18:37:56 CEST 2018][INFO] Es wurden 1 ".ttf"-Dateien im Projektordner gefunden. (Text.java:351)
[Sun Jul 08 18:37:56 CEST 2018][INFO] Diese sind unter folgenden Namen abrufbar: (Text.java:352)
[Sun Jul 08 18:37:56 CEST 2018][INFO] Snake in the Boot (Text.java:355)
[Sun Jul 08 18:39:18 CEST 2018][INFO] Protokoll aller aus dem Projektordner geladener Fontdateien (Text.java:346)
[Sun Jul 08 18:39:18 CEST 2018][INFO] Es wurden 1 ".ttf"-Dateien im Projektordner gefunden. (Text.java:351)
[Sun Jul 08 18:39:18 CEST 2018][INFO] Diese sind unter folgenden Namen abrufbar: (Text.java:352)
[Sun Jul 08 18:39:18 CEST 2018][INFO] Snake in the Boot (Text.java:355)
[Sun Jul 08 18:39:34 CEST 2018][INFO] Protokoll aller aus dem Projektordner geladener Fontdateien (Text.java:346)
[Sun Jul 08 18:39:34 CEST 2018][INFO] Es wurden 1 ".ttf"-Dateien im Projektordner gefunden. (Text.java:351)
[Sun Jul 08 18:39:34 CEST 2018][INFO] Diese sind unter folgenden Namen abrufbar: (Text.java:352)
[Sun Jul 08 18:39:34 CEST 2018][INFO] Snake in the Boot (Text.java:355)
[Sun Jul 08 18:39:53 CEST 2018][INFO] Protokoll aller aus dem Projektordner geladener Fontdateien (Text.java:346)
[Sun Jul 08 18:39:53 CEST 2018][INFO] Es wurden 1 ".ttf"-Dateien im Projektordner gefunden. (Text.java:351)
[Sun Jul 08 18:39:53 CEST 2018][INFO] Diese sind unter folgenden Namen abrufbar: (Text.java:352)
[Sun Jul 08 18:39:53 CEST 2018][INFO] Snake in the Boot (Text.java:355)
[Sun Jul 08 18:40:02 CEST 2018][INFO] Protokoll aller aus dem Projektordner geladener Fontdateien (Text.java:346)
[Sun Jul 08 18:40:02 CEST 2018][INFO] Es wurden 1 ".ttf"-Dateien im Projektordner gefunden. (Text.java:351)
[Sun Jul 08 18:40:02 CEST 2018][INFO] Diese sind unter folgenden Namen abrufbar: (Text.java:352)
[Sun Jul 08 18:40:02 CEST 2018][INFO] Snake in the Boot (Text.java:355)
[Sun Jul 08 18:40:12 CEST 2018][INFO] Protokoll aller aus dem Projektordner geladener Fontdateien (Text.java:346)
[Sun Jul 08 18:40:12 CEST 2018][INFO] Es wurden 1 ".ttf"-Dateien im Projektordner gefunden. (Text.java:351)
[Sun Jul 08 18:40:12 CEST 2018][INFO] Diese sind unter folgenden Namen abrufbar: (Text.java:352)
[Sun Jul 08 18:40:12 CEST 2018][INFO] Snake in the Boot (Text.java:355)
[Sun Jul 08 18:49:14 CEST 2018][INFO] Protokoll aller aus dem Projektordner geladener Fontdateien (Text.java:346)
[Sun Jul 08 18:49:14 CEST 2018][INFO] Es wurden 1 ".ttf"-Dateien im Projektordner gefunden. (Text.java:351)
[Sun Jul 08 18:49:14 CEST 2018][INFO] Diese sind unter folgenden Namen abrufbar: (Text.java:352)
[Sun Jul 08 18:49:14 CEST 2018][INFO] Snake in the Boot (Text.java:355)
[Sun Jul 08 18:49:28 CEST 2018][INFO] Protokoll aller aus dem Projektordner geladener Fontdateien (Text.java:346)
[Sun Jul 08 18:49:28 CEST 2018][INFO] Es wurden 1 ".ttf"-Dateien im Projektordner gefunden. (Text.java:351)
[Sun Jul 08 18:49:28 CEST 2018][INFO] Diese sind unter folgenden Namen abrufbar: (Text.java:352)
[Sun Jul 08 18:49:28 CEST 2018][INFO] Snake in the Boot (Text.java:355)
[Sun Jul 08 18:49:54 CEST 2018][INFO] Protokoll aller aus dem Projektordner geladener Fontdateien (Text.java:346)
[Sun Jul 08 18:49:54 CEST 2018][INFO] Es wurden 1 ".ttf"-Dateien im Projektordner gefunden. (Text.java:351)
[Sun Jul 08 18:49:54 CEST 2018][INFO] Diese sind unter folgenden Namen abrufbar: (Text.java:352)
[Sun Jul 08 18:49:54 CEST 2018][INFO] Snake in the Boot (Text.java:355)
[Sun Jul 08 18:51:07 CEST 2018][INFO] Protokoll aller aus dem Projektordner geladener Fontdateien (Text.java:346)
[Sun Jul 08 18:51:07 CEST 2018][INFO] Es wurden 1 ".ttf"-Dateien im Projektordner gefunden. (Text.java:351)
[Sun Jul 08 18:51:07 CEST 2018][INFO] Diese sind unter folgenden Namen abrufbar: (Text.java:352)
[Sun Jul 08 18:51:07 CEST 2018][INFO] Snake in the Boot (Text.java:355)
[Sun Jul 08 18:51:40 CEST 2018][INFO] Protokoll aller aus dem Projektordner geladener Fontdateien (Text.java:346)
[Sun Jul 08 18:51:40 CEST 2018][INFO] Es wurden 1 ".ttf"-Dateien im Projektordner gefunden. (Text.java:351)
[Sun Jul 08 18:51:40 CEST 2018][INFO] Diese sind unter folgenden Namen abrufbar: (Text.java:352)
[Sun Jul 08 18:51:40 CEST 2018][INFO] Snake in the Boot (Text.java:355)
[Sun Jul 08 18:51:44 CEST 2018][ERROR] Der Ticker ist noch nicht angemeldet. (Manager.java:258)
[Sun Jul 08 18:51:45 CEST 2018][ERROR] Der Ticker ist noch nicht angemeldet. (Manager.java:258)
[Sun Jul 08 18:51:45 CEST 2018][ERROR] Der Ticker ist noch nicht angemeldet. (Manager.java:258)
[Sun Jul 08 18:51:45 CEST 2018][ERROR] Der Ticker ist noch nicht angemeldet. (Manager.java:258)
[Sun Jul 08 18:52:04 CEST 2018][INFO] Protokoll aller aus dem Projektordner geladener Fontdateien (Text.java:346)
[Sun Jul 08 18:52:04 CEST 2018][INFO] Es wurden 1 ".ttf"-Dateien im Projektordner gefunden. (Text.java:351)
[Sun Jul 08 18:52:04 CEST 2018][INFO] Diese sind unter folgenden Namen abrufbar: (Text.java:352)
[Sun Jul 08 18:52:04 CEST 2018][INFO] Snake in the Boot (Text.java:355)
[Sun Jul 08 18:52:21 CEST 2018][INFO] Protokoll aller aus dem Projektordner geladener Fontdateien (Text.java:346)
[Sun Jul 08 18:52:21 CEST 2018][INFO] Es wurden 1 ".ttf"-Dateien im Projektordner gefunden. (Text.java:351)
[Sun Jul 08 18:52:21 CEST 2018][INFO] Diese sind unter folgenden Namen abrufbar: (Text.java:352)
[Sun Jul 08 18:52:21 CEST 2018][INFO] Snake in the Boot (Text.java:355)
[Sun Jul 08 18:52:54 CEST 2018][INFO] Protokoll aller aus dem Projektordner geladener Fontdateien (Text.java:346)
[Sun Jul 08 18:52:54 CEST 2018][INFO] Es wurden 1 ".ttf"-Dateien im Projektordner gefunden. (Text.java:351)
[Sun Jul 08 18:52:54 CEST 2018][INFO] Diese sind unter folgenden Namen abrufbar: (Text.java:352)
[Sun Jul 08 18:52:54 CEST 2018][INFO] Snake in the Boot (Text.java:355)
[Sun Jul 08 18:52:59 CEST 2018][INFO] Protokoll aller aus dem Projektordner geladener Fontdateien (Text.java:346)
[Sun Jul 08 18:52:59 CEST 2018][INFO] Es wurden 1 ".ttf"-Dateien im Projektordner gefunden. (Text.java:351)
[Sun Jul 08 18:52:59 CEST 2018][INFO] Diese sind unter folgenden Namen abrufbar: (Text.java:352)
[Sun Jul 08 18:52:59 CEST 2018][INFO] Snake in the Boot (Text.java:355)
[Sun Jul 08 18:53:31 CEST 2018][INFO] Protokoll aller aus dem Projektordner geladener Fontdateien (Text.java:346)
[Sun Jul 08 18:53:31 CEST 2018][INFO] Es wurden 1 ".ttf"-Dateien im Projektordner gefunden. (Text.java:351)
[Sun Jul 08 18:53:31 CEST 2018][INFO] Diese sind unter folgenden Namen abrufbar: (Text.java:352)
[Sun Jul 08 18:53:31 CEST 2018][INFO] Snake in the Boot (Text.java:355)
[Sun Jul 08 18:53:39 CEST 2018][WARNUNG] Der Ticker ist bereits an diesem Manager angemeldet und wird nicht erneut angemeldet. (Manager.java:158)
[Sun Jul 08 18:53:39 CEST 2018][ERROR] Ticker ist bereits am Laufen! (Manager.java:188)
[Sun Jul 08 18:53:49 CEST 2018][WARNUNG] Der Ticker ist bereits an diesem Manager angemeldet und wird nicht erneut angemeldet. (Manager.java:158)
[Sun Jul 08 18:53:49 CEST 2018][ERROR] Ticker ist bereits am Laufen! (Manager.java:188)
[Sun Jul 08 18:54:06 CEST 2018][ERROR] Der Ticker ist noch nicht angemeldet. (Manager.java:258)
[Sun Jul 08 18:54:07 CEST 2018][ERROR] Der Ticker ist noch nicht angemeldet. (Manager.java:258)
[Sun Jul 08 18:54:07 CEST 2018][ERROR] Der Ticker ist noch nicht angemeldet. (Manager.java:258)
[Sun Jul 08 18:54:07 CEST 2018][ERROR] Der Ticker ist noch nicht angemeldet. (Manager.java:258)
[Sun Jul 08 18:54:08 CEST 2018][ERROR] Der Ticker ist noch nicht angemeldet. (Manager.java:258)
[Sun Jul 08 18:54:08 CEST 2018][ERROR] Der Ticker ist noch nicht angemeldet. (Manager.java:258)
[Sun Jul 08 18:54:16 CEST 2018][INFO] Protokoll aller aus dem Projektordner geladener Fontdateien (Text.java:346)
[Sun Jul 08 18:54:16 CEST 2018][INFO] Es wurden 1 ".ttf"-Dateien im Projektordner gefunden. (Text.java:351)
[Sun Jul 08 18:54:16 CEST 2018][INFO] Diese sind unter folgenden Namen abrufbar: (Text.java:352)
[Sun Jul 08 18:54:16 CEST 2018][INFO] Snake in the Boot (Text.java:355)
[Sun Jul 08 18:54:30 CEST 2018][WARNUNG] Der Ticker ist bereits an diesem Manager angemeldet und wird nicht erneut angemeldet. (Manager.java:158)
[Sun Jul 08 18:54:30 CEST 2018][ERROR] Ticker ist bereits am Laufen! (Manager.java:188)
[Sun Jul 08 18:55:02 CEST 2018][INFO] Protokoll aller aus dem Projektordner geladener Fontdateien (Text.java:346)
[Sun Jul 08 18:55:02 CEST 2018][INFO] Es wurden 1 ".ttf"-Dateien im Projektordner gefunden. (Text.java:351)
[Sun Jul 08 18:55:02 CEST 2018][INFO] Diese sind unter folgenden Namen abrufbar: (Text.java:352)
[Sun Jul 08 18:55:02 CEST 2018][INFO] Snake in the Boot (Text.java:355)
[Sun Jul 08 18:55:14 CEST 2018][WARNUNG] Der Ticker ist bereits an diesem Manager angemeldet und wird nicht erneut angemeldet. (Manager.java:158)
[Sun Jul 08 18:55:14 CEST 2018][ERROR] Ticker ist bereits am Laufen! (Manager.java:188)
[Sun Jul 08 18:55:35 CEST 2018][WARNUNG] Der Ticker ist bereits an diesem Manager angemeldet und wird nicht erneut angemeldet. (Manager.java:158)
[Sun Jul 08 18:55:35 CEST 2018][ERROR] Ticker ist bereits am Laufen! (Manager.java:188)
[Sun Jul 08 18:55:40 CEST 2018][WARNUNG] Der Ticker ist bereits an diesem Manager angemeldet und wird nicht erneut angemeldet. (Manager.java:158)
[Sun Jul 08 18:55:40 CEST 2018][ERROR] Ticker ist bereits am Laufen! (Manager.java:188)
[Sun Jul 08 18:55:52 CEST 2018][WARNUNG] Der Ticker ist bereits an diesem Manager angemeldet und wird nicht erneut angemeldet. (Manager.java:158)
[Sun Jul 08 18:55:52 CEST 2018][ERROR] Ticker ist bereits am Laufen! (Manager.java:188)
[Sun Jul 08 18:56:15 CEST 2018][INFO] Protokoll aller aus dem Projektordner geladener Fontdateien (Text.java:346)
[Sun Jul 08 18:56:15 CEST 2018][INFO] Es wurden 1 ".ttf"-Dateien im Projektordner gefunden. (Text.java:351)
[Sun Jul 08 18:56:15 CEST 2018][INFO] Diese sind unter folgenden Namen abrufbar: (Text.java:352)
[Sun Jul 08 18:56:15 CEST 2018][INFO] Snake in the Boot (Text.java:355)
[Sun Jul 08 18:57:19 CEST 2018][INFO] Protokoll aller aus dem Projektordner geladener Fontdateien (Text.java:346)
[Sun Jul 08 18:57:19 CEST 2018][INFO] Es wurden 1 ".ttf"-Dateien im Projektordner gefunden. (Text.java:351)
[Sun Jul 08 18:57:19 CEST 2018][INFO] Diese sind unter folgenden Namen abrufbar: (Text.java:352)
[Sun Jul 08 18:57:19 CEST 2018][INFO] Snake in the Boot (Text.java:355)
[Sun Jul 08 20:30:21 CEST 2018][INFO] Protokoll aller aus dem Projektordner geladener Fontdateien (Text.java:346)
[Sun Jul 08 20:30:21 CEST 2018][INFO] Es wurden 1 ".ttf"-Dateien im Projektordner gefunden. (Text.java:351)
[Sun Jul 08 20:30:21 CEST 2018][INFO] Diese sind unter folgenden Namen abrufbar: (Text.java:352)
[Sun Jul 08 20:30:21 CEST 2018][INFO] Snake in the Boot (Text.java:355)
